<?xml version="1.0" encoding="UTF-8"?>
<!-- Generated by org.testng.reporters.JUnitXMLReporter -->
<testsuite ignored="1" hostname="ZIL1223" failures="1" tests="1" name="dept-2" time="0.004" errors="0" timestamp="2022-12-23T14:48:29 IST">
  <testcase classname="test.class1" name="webLogin" time="0.002">
    <failure type="java.lang.AssertionError" message="expected [true] but found [false]">
      <![CDATA[java.lang.AssertionError: expected [true] but found [false]
at test.class1.webLogin(class1.java:13)
at java.base/java.util.ArrayList.forEach(ArrayList.java:1511)
... Removed 31 stack frames]]>
    </failure>
  </testcase> <!-- webLogin -->
  <testcase classname="test.class1" name="mobileLogin" time="0.0">
    <ignored/>
  </testcase> <!-- mobileLogin -->
</testsuite> <!-- dept-2 -->
