<?xml version="1.0" encoding="UTF-8"?>
<!-- Generated by org.testng.reporters.JUnitXMLReporter -->
<testsuite ignored="0" hostname="ZIL1223" failures="0" tests="5" name="dept-1" time="0.024" errors="0" timestamp="2022-12-23T14:48:29 IST">
  <testcase classname="test.classA" name="demo" time="0.002"/>
  <testcase classname="test.classA" name="test2" time="0.0"/>
  <testcase classname="test.classB" name="test3ClassB" time="0.0"/>
  <testcase classname="test.classB" name="test3ClassB" time="0.0"/>
  <testcase classname="test.classB" name="test3ClassB" time="0.0"/>
</testsuite> <!-- dept-1 -->
